Using pre-set license

 COMMAND LINE ARGUMENTS:
/Applications/Unity/Hub/Editor/2020.2.3f1/Unity.app/Contents/MacOS/Unity
-adb2
-batchMode
-noUpm
-name
AssetImportWorker0
-projectPath
/Users/katerinapak/Documents/GitHub/gmap-304-izakp/IzaKP_Project
-logFile
Logs/AssetImportWorker0.log
-srvPort
50699
Successfully changed project path to: /Users/katerinapak/Documents/GitHub/gmap-304-izakp/IzaKP_Project
/Users/katerinapak/Documents/GitHub/gmap-304-izakp/IzaKP_Project
Using Asset Import Pipeline V2.
Refreshing native plugins compatible for Editor in 41.77 ms, found 2 plugins.
Preloading 0 native plugins for Editor in 0.00 ms.
Initialize engine version: 2020.2.3f1 (8ff31bc5bf5b)
[Subsystems] Discovering subsystems at path /Applications/Unity/Hub/Editor/2020.2.3f1/Unity.app/Contents/Resources/UnitySubsystems
[Subsystems] Discovering subsystems at path /Users/katerinapak/Documents/GitHub/gmap-304-izakp/IzaKP_Project/Assets
GfxDevice: creating device client; threaded=0
2022-02-25 15:28:12.453 Unity[5354:128692] Color LCD preferred device: Intel(R) UHD Graphics 630 (low power)
2022-02-25 15:28:12.453 Unity[5354:128692] Metal devices available: 2
2022-02-25 15:28:12.454 Unity[5354:128692] 0: AMD Radeon Pro 5300M (high power)
2022-02-25 15:28:12.454 Unity[5354:128692] 1: Intel(R) UHD Graphics 630 (low power)
2022-02-25 15:28:12.454 Unity[5354:128692] Using device AMD Radeon Pro 5300M (high power)
Initializing Metal device caps: AMD Radeon Pro 5300M
Initialize mono
Mono path[0] = '/Applications/Unity/Hub/Editor/2020.2.3f1/Unity.app/Contents/Managed'
Mono path[1] = '/Applications/Unity/Hub/Editor/2020.2.3f1/Unity.app/Contents/MonoBleedingEdge/lib/mono/unityjit'
Mono config path = '/Applications/Unity/Hub/Editor/2020.2.3f1/Unity.app/Contents/MonoBleedingEdge/etc'
Using monoOptions --debugger-agent=transport=dt_socket,embedding=1,server=y,suspend=n,address=127.0.0.1:56354
Begin MonoManager ReloadAssembly
Registering precompiled unity dll's ...
Register platform support module: /Applications/Unity/Hub/Editor/2020.2.3f1/Unity.app/Contents/PlaybackEngines/MacStandaloneSupport/UnityEditor.OSXStandalone.Extensions.dll
Registered in 0.000497 seconds.
Native extension for OSXStandalone target not found
Refreshing native plugins compatible for Editor in 41.07 ms, found 2 plugins.
Preloading 0 native plugins for Editor in 0.00 ms.
Invoked RoslynAnalysisRunner static constructor.
RoslynAnalysisRunner will not be running.
RoslynAnalysisRunner has terminated.
Mono: successfully reloaded assembly
- Completed reload, in  1.854 seconds
Platform modules already initialized, skipping
Registering precompiled user dll's ...
Registered in 0.000511 seconds.
Begin MonoManager ReloadAssembly
Native extension for OSXStandalone target not found
Refreshing native plugins compatible for Editor in 43.56 ms, found 2 plugins.
Preloading 0 native plugins for Editor in 0.00 ms.
Invoked RoslynAnalysisRunner static constructor.
RoslynAnalysisRunner will not be running.
RoslynAnalysisRunner has terminated.
Mono: successfully reloaded assembly
- Completed reload, in  1.199 seconds
Platform modules already initialized, skipping
========================================================================
Worker process is ready to serve import requests
Launching external process: /Applications/Unity/Hub/Editor/2020.2.3f1/Unity.app/Contents/Tools/UnityShaderCompiler
Launched and connected shader compiler UnityShaderCompiler after 0.01 seconds
Refreshing native plugins compatible for Editor in 0.37 ms, found 2 plugins.
Preloading 0 native plugins for Editor in 0.00 ms.
Unloading 1792 Unused Serialized files (Serialized files now loaded: 0)
System memory in use before: 143.7 MB.
System memory in use after: 143.7 MB.

Unloading 24 unused Assets to reduce memory usage. Loaded Objects now: 2233.
Total: 2.506373 ms (FindLiveObjects: 0.252284 ms CreateObjectMapping: 0.111004 ms MarkObjects: 1.982851 ms  DeleteObjects: 0.158985 ms)

========================================================================
Received Import Request.
  path: Assets/Scenes/MainMebu.unity
  artifactKey: Guid(c722393d703b442feae4eb974cbd3be0) Importer(815301076,1909f56bfc062723c751e8b465ee728b)
Start importing Assets/Scenes/MainMebu.unity using Guid(c722393d703b442feae4eb974cbd3be0) Importer(815301076,1909f56bfc062723c751e8b465ee728b)  -> (artifact id: '8fe2d5ef9f7c57048d187903edc90266') in 0.015480 seconds
  Import took 0.018678 seconds .

========================================================================
Received Import Request.
  Time since last request: 5.149663 seconds.
  path: Assets/Scenes/MainMenu.unity
  artifactKey: Guid(c722393d703b442feae4eb974cbd3be0) Importer(815301076,1909f56bfc062723c751e8b465ee728b)
Start importing Assets/Scenes/MainMenu.unity using Guid(c722393d703b442feae4eb974cbd3be0) Importer(815301076,1909f56bfc062723c751e8b465ee728b)  -> (artifact id: 'b6a30633e6616d8b66c5de27a605cf48') in 0.001324 seconds
  Import took 0.004543 seconds .

